[2023-01-22 11:54:49.742] [INFO ] [main] com.jinju.JinjuApplication Starting JinjuApplication using Java 17.0.6 with PID 2920 (C:\Users\jaws\Desktop\Coding\jinju\target\classes started by jaws in c:\Users\jaws\Desktop\Coding\jinju)
[2023-01-22 11:54:49.746] [INFO ] [main] com.jinju.JinjuApplication No active profile set, falling back to 1 default profile: "default"
[2023-01-22 11:54:50.570] [INFO ] [main] org.springframework.data.repository.config.RepositoryConfigurationDelegate Multiple Spring Data modules found, entering strict repository configuration mode
[2023-01-22 11:54:50.572] [INFO ] [main] org.springframework.data.repository.config.RepositoryConfigurationDelegate Bootstrapping Spring Data JDBC repositories in DEFAULT mode.
[2023-01-22 11:54:50.623] [INFO ] [main] org.springframework.data.repository.config.RepositoryConfigurationExtensionSupport Spring Data JDBC - Could not safely identify store assignment for repository candidate interface com.jinju.data.repository.ProductRepository; If you want this repository to be a JDBC repository, consider annotating your entities with one of these annotations: org.springframework.data.relational.core.mapping.Table.
[2023-01-22 11:54:50.624] [INFO ] [main] org.springframework.data.repository.config.RepositoryConfigurationDelegate Finished Spring Data repository scanning in 35 ms. Found 0 JDBC repository interfaces.
[2023-01-22 11:54:50.638] [INFO ] [main] org.springframework.data.repository.config.RepositoryConfigurationDelegate Multiple Spring Data modules found, entering strict repository configuration mode
[2023-01-22 11:54:50.639] [INFO ] [main] org.springframework.data.repository.config.RepositoryConfigurationDelegate Bootstrapping Spring Data JPA repositories in DEFAULT mode.
[2023-01-22 11:54:50.753] [INFO ] [main] org.springframework.data.repository.config.RepositoryConfigurationDelegate Finished Spring Data repository scanning in 107 ms. Found 1 JPA repository interfaces.
[2023-01-22 11:54:51.487] [INFO ] [main] org.springframework.boot.web.embedded.tomcat.TomcatWebServer Tomcat initialized with port(s): 8080 (http)
[2023-01-22 11:54:51.499] [INFO ] [main] org.apache.coyote.http11.Http11NioProtocol Initializing ProtocolHandler ["http-nio-8080"]
[2023-01-22 11:54:51.500] [INFO ] [main] org.apache.catalina.core.StandardService Starting service [Tomcat]
[2023-01-22 11:54:51.500] [INFO ] [main] org.apache.catalina.core.StandardEngine Starting Servlet engine: [Apache Tomcat/10.1.5]
[2023-01-22 11:54:51.647] [INFO ] [main] org.apache.catalina.core.ContainerBase.[Tomcat].[localhost].[/] Initializing Spring embedded WebApplicationContext
[2023-01-22 11:54:51.649] [INFO ] [main] org.springframework.boot.web.servlet.context.ServletWebServerApplicationContext Root WebApplicationContext: initialization completed in 1856 ms
[2023-01-22 11:54:51.847] [INFO ] [main] com.zaxxer.hikari.HikariDataSource HikariPool-1 - Starting...
[2023-01-22 11:54:52.241] [INFO ] [main] com.zaxxer.hikari.pool.HikariPool HikariPool-1 - Added connection oracle.jdbc.driver.T4CConnection@7e52a26b
[2023-01-22 11:54:52.244] [INFO ] [main] com.zaxxer.hikari.HikariDataSource HikariPool-1 - Start completed.
[2023-01-22 11:54:52.350] [INFO ] [main] org.hibernate.jpa.internal.util.LogHelper HHH000204: Processing PersistenceUnitInfo [name: default]
[2023-01-22 11:54:52.447] [INFO ] [main] org.hibernate.Version HHH000412: Hibernate ORM core version 6.1.6.Final
[2023-01-22 11:54:52.670] [WARN ] [main] org.hibernate.orm.deprecation HHH90000021: Encountered deprecated setting [javax.persistence.sharedCache.mode], use [jakarta.persistence.sharedCache.mode] instead
[2023-01-22 11:54:52.866] [INFO ] [main] SQL dialect HHH000400: Using dialect: org.hibernate.dialect.OracleDialect
[2023-01-22 11:54:53.791] [INFO ] [main] org.hibernate.engine.transaction.jta.platform.internal.JtaPlatformInitiator HHH000490: Using JtaPlatform implementation: [org.hibernate.engine.transaction.jta.platform.internal.NoJtaPlatform]
[2023-01-22 11:54:53.798] [INFO ] [main] org.springframework.orm.jpa.LocalContainerEntityManagerFactoryBean Initialized JPA EntityManagerFactory for persistence unit 'default'
[2023-01-22 11:54:54.145] [WARN ] [main] org.springframework.boot.autoconfigure.orm.jpa.JpaBaseConfiguration$JpaWebConfiguration spring.jpa.open-in-view is enabled by default. Therefore, database queries may be performed during view rendering. Explicitly configure spring.jpa.open-in-view to disable this warning
[2023-01-22 11:54:54.496] [WARN ] [main] org.springframework.boot.autoconfigure.thymeleaf.ThymeleafAutoConfiguration$DefaultTemplateResolverConfiguration Cannot find template location: classpath:/templates/ (please add some templates, check your Thymeleaf configuration, or set spring.thymeleaf.check-template-location=false)
[2023-01-22 11:54:54.888] [INFO ] [main] org.apache.coyote.http11.Http11NioProtocol Starting ProtocolHandler ["http-nio-8080"]
[2023-01-22 11:54:54.916] [INFO ] [main] org.springframework.boot.web.embedded.tomcat.TomcatWebServer Tomcat started on port(s): 8080 (http) with context path ''
[2023-01-22 11:54:54.931] [INFO ] [main] com.jinju.JinjuApplication Started JinjuApplication in 5.666 seconds (process running for 6.01)
[2023-01-22 11:54:54.935] [INFO ] [main] org.springframework.boot.autoconfigure.batch.JobLauncherApplicationRunner Running default command line with: []
